[debug] [2025-02-24T09:06:49.486Z] ----------------------------------------------------------------------
[debug] [2025-02-24T09:06:49.489Z] Command:       C:\Program Files\nodejs\node.exe C:\Users\srina\AppData\Roaming\npm\node_modules\firebase-tools\lib\bin\firebase.js deploy
[debug] [2025-02-24T09:06:49.489Z] CLI Version:   13.29.2
[debug] [2025-02-24T09:06:49.489Z] Platform:      win32
[debug] [2025-02-24T09:06:49.490Z] Node Version:  v22.11.0
[debug] [2025-02-24T09:06:49.490Z] Time:          Mon Feb 24 2025 14:36:49 GMT+0530 (India Standard Time)
[debug] [2025-02-24T09:06:49.490Z] ----------------------------------------------------------------------
[debug] 
[debug] [2025-02-24T09:06:49.686Z] > command requires scopes: ["email","openid","https://www.googleapis.com/auth/cloudplatformprojects.readonly","https://www.googleapis.com/auth/firebase","https://www.googleapis.com/auth/cloud-platform"]
[debug] [2025-02-24T09:06:49.686Z] > authorizing via signed-in user (admin@planaworld.co.in)
[debug] [2025-02-24T09:06:49.687Z] [iam] checking project premier-infra-group for permissions ["firebase.projects.get","firebasehosting.sites.update"]
[debug] [2025-02-24T09:06:49.688Z] Checked if tokens are valid: true, expires at: 1740391598466
[debug] [2025-02-24T09:06:49.688Z] Checked if tokens are valid: true, expires at: 1740391598466
[debug] [2025-02-24T09:06:49.689Z] >>> [apiv2][query] POST https://cloudresourcemanager.googleapis.com/v1/projects/premier-infra-group:testIamPermissions [none]
[debug] [2025-02-24T09:06:49.689Z] >>> [apiv2][(partial)header] POST https://cloudresourcemanager.googleapis.com/v1/projects/premier-infra-group:testIamPermissions x-goog-quota-user=projects/premier-infra-group
[debug] [2025-02-24T09:06:49.689Z] >>> [apiv2][body] POST https://cloudresourcemanager.googleapis.com/v1/projects/premier-infra-group:testIamPermissions {"permissions":["firebase.projects.get","firebasehosting.sites.update"]}
[debug] [2025-02-24T09:06:51.527Z] <<< [apiv2][status] POST https://cloudresourcemanager.googleapis.com/v1/projects/premier-infra-group:testIamPermissions 200
[debug] [2025-02-24T09:06:51.527Z] <<< [apiv2][body] POST https://cloudresourcemanager.googleapis.com/v1/projects/premier-infra-group:testIamPermissions {"permissions":["firebase.projects.get","firebasehosting.sites.update"]}
[debug] [2025-02-24T09:06:51.528Z] Checked if tokens are valid: true, expires at: 1740391598466
[debug] [2025-02-24T09:06:51.528Z] Checked if tokens are valid: true, expires at: 1740391598466
[debug] [2025-02-24T09:06:51.528Z] >>> [apiv2][query] GET https://firebase.googleapis.com/v1beta1/projects/premier-infra-group [none]
[debug] [2025-02-24T09:06:53.214Z] <<< [apiv2][status] GET https://firebase.googleapis.com/v1beta1/projects/premier-infra-group 200
[debug] [2025-02-24T09:06:53.214Z] <<< [apiv2][body] GET https://firebase.googleapis.com/v1beta1/projects/premier-infra-group {"projectId":"premier-infra-group","projectNumber":"970844355341","displayName":"Premier Infra Group","name":"projects/premier-infra-group","resources":{"hostingSite":"premier-infra-group"},"state":"ACTIVE","etag":"1_ea18e77e-ac23-4fb5-90ec-3927fd234e5d"}
[info] 
   Thank you for trying our early preview of Next.js support on Firebase Hosting.
   During the preview, support is best-effort and breaking changes can be expected. Proceed with caution.
   The integration is known to work with Next.js version 12 - 15.0. You may encounter errors.

   Documentation: https://firebase.google.com/docs/hosting/frameworks/nextjs
   File a bug: https://github.com/firebase/firebase-tools/issues/new?template=bug_report.md
   Submit a feature request: https://github.com/firebase/firebase-tools/issues/new?template=feature_request.md

   We'd love to learn from you. Express your interest in helping us shape the future of Firebase Hosting: https://goo.gle/41enW5X

[debug] [2025-02-24T09:07:06.836Z] Checked if tokens are valid: true, expires at: 1740391598466
[debug] [2025-02-24T09:07:06.836Z] Checked if tokens are valid: true, expires at: 1740391598466
[debug] [2025-02-24T09:07:06.836Z] >>> [apiv2][query] GET https://firebasehosting.googleapis.com/v1beta1/projects/premier-infra-group/sites/premier-infra-group [none]
[debug] [2025-02-24T09:07:08.397Z] <<< [apiv2][status] GET https://firebasehosting.googleapis.com/v1beta1/projects/premier-infra-group/sites/premier-infra-group 200
[debug] [2025-02-24T09:07:08.397Z] <<< [apiv2][body] GET https://firebasehosting.googleapis.com/v1beta1/projects/premier-infra-group/sites/premier-infra-group {"name":"projects/premier-infra-group/sites/premier-infra-group","defaultUrl":"https://premier-infra-group.web.app","type":"DEFAULT_SITE"}
[info]    ▲ Next.js 15.1.6

[info] 

[info]    Creating an optimized production build ...

[info]  ✓ Compiled successfully

[info]    Linting and checking validity of types ...

[info]    Collecting page data ...

[info]    Generating static pages (0/8) ...

[info]    Generating static pages (2/8) 

[info]    Generating static pages (4/8) 
   Generating static pages (6/8) 
 ✓ Generating static pages (8/8)

[info]    Finalizing page optimization ...

[info]    Collecting build traces ...

